-------------------------------------------------------------------------------
Test set: com.demo.CliE2ETest
-------------------------------------------------------------------------------
Tests run: 28, Failures: 3, Errors: 0, Skipped: 0, Time elapsed: 3.976 s <<< FAILURE! -- in com.demo.CliE2ETest
com.demo.CliE2ETest.fullWorkflow_addStartCompleteListSummary -- Time elapsed: 0.190 s <<< FAILURE!
org.opentest4j.AssertionFailedError: Summary should show 1 done task ==> expected: <true> but was: <false>
	at org.junit.jupiter.api.AssertionFailureBuilder.build(AssertionFailureBuilder.java:151)
	at org.junit.jupiter.api.AssertionFailureBuilder.buildAndThrow(AssertionFailureBuilder.java:132)
	at org.junit.jupiter.api.AssertTrue.failNotTrue(AssertTrue.java:63)
	at org.junit.jupiter.api.AssertTrue.assertTrue(AssertTrue.java:36)
	at org.junit.jupiter.api.Assertions.assertTrue(Assertions.java:210)
	at com.demo.CliE2ETest.fullWorkflow_addStartCompleteListSummary(CliE2ETest.java:368)
	at java.base/java.lang.reflect.Method.invoke(Method.java:569)
	at java.base/java.util.ArrayList.forEach(ArrayList.java:1511)
	at java.base/java.util.ArrayList.forEach(ArrayList.java:1511)

com.demo.CliE2ETest.option11_isNowInvalid -- Time elapsed: 0.102 s <<< FAILURE!
org.opentest4j.AssertionFailedError: Option 11 (removed filter) should now show 'Invalid option.' ==> expected: <true> but was: <false>
	at org.junit.jupiter.api.AssertionFailureBuilder.build(AssertionFailureBuilder.java:151)
	at org.junit.jupiter.api.AssertionFailureBuilder.buildAndThrow(AssertionFailureBuilder.java:132)
	at org.junit.jupiter.api.AssertTrue.failNotTrue(AssertTrue.java:63)
	at org.junit.jupiter.api.AssertTrue.assertTrue(AssertTrue.java:36)
	at org.junit.jupiter.api.Assertions.assertTrue(Assertions.java:210)
	at com.demo.CliE2ETest.option11_isNowInvalid(CliE2ETest.java:379)
	at java.base/java.lang.reflect.Method.invoke(Method.java:569)
	at java.base/java.util.ArrayList.forEach(ArrayList.java:1511)
	at java.base/java.util.ArrayList.forEach(ArrayList.java:1511)

com.demo.CliE2ETest.menu_showsAllTenOptions -- Time elapsed: 0.098 s <<< FAILURE!
org.opentest4j.AssertionFailedError: Menu should NOT have option 11 ==> expected: <false> but was: <true>
	at org.junit.jupiter.api.AssertionFailureBuilder.build(AssertionFailureBuilder.java:151)
	at org.junit.jupiter.api.AssertionFailureBuilder.buildAndThrow(AssertionFailureBuilder.java:132)
	at org.junit.jupiter.api.AssertFalse.failNotFalse(AssertFalse.java:63)
	at org.junit.jupiter.api.AssertFalse.assertFalse(AssertFalse.java:36)
	at org.junit.jupiter.api.Assertions.assertFalse(Assertions.java:235)
	at com.demo.CliE2ETest.menu_showsAllTenOptions(CliE2ETest.java:94)
	at java.base/java.lang.reflect.Method.invoke(Method.java:569)
	at java.base/java.util.ArrayList.forEach(ArrayList.java:1511)
	at java.base/java.util.ArrayList.forEach(ArrayList.java:1511)

