-------------------------------------------------------------------------------
Test set: com.demo.CliFilterE2ETest
-------------------------------------------------------------------------------
Tests run: 5, Failures: 0, Errors: 0, Skipped: 0, Time elapsed: 0.830 s -- in com.demo.CliFilterE2ETest
com.demo.CliFilterE2ETest.filterTodoAfterCreatingTask_showsTaskInOutput -- Time elapsed: 0.226 s
com.demo.CliFilterE2ETest.filterAllTasks_showsAllCreatedTasks -- Time elapsed: 0.161 s
com.demo.CliFilterE2ETest.filterDoneWithNoMatchingTasks_showsNoTasksMessage -- Time elapsed: 0.164 s
com.demo.CliFilterE2ETest.filterEmptyRepository_showsNoTasksMessage -- Time elapsed: 0.106 s
com.demo.CliFilterE2ETest.filterWithInvalidOption_showsInvalidFilterMessage -- Time elapsed: 0.108 s
