<?xml version="1.0" encoding="UTF-8"?>
<testsuite xmlns:xsi="http://www.w3.org/2001/XMLSchema-instance" xsi:noNamespaceSchemaLocation="https://maven.apache.org/surefire/maven-surefire-plugin/xsd/surefire-test-report-3.0.xsd" version="3.0" name="com.demo.TaskServiceTest" time="0.122" tests="24" errors="0" skipped="0" failures="0">
  <properties>
[...]
</properties>
  <testcase name="getFilteredTasks_doneReturnsOnlyDoneTasks" classname="com.demo.TaskServiceTest" time="0.003"/>
  <testcase name="cancelTask_fromTodo" classname="com.demo.TaskServiceTest" time="0.003"/>
  <testcase name="getFilteredTasks_allReturnsAllTasks" classname="com.demo.TaskServiceTest" time="0.003"/>
  <testcase name="startTask_changesStatusToInProgress" classname="com.demo.TaskServiceTest" time="0.002"/>
  <testcase name="getFilteredTasks_todoReturnsOnlyTodoTasks" classname="com.demo.TaskServiceTest" time="0.002"/>
  <testcase name="updatePriority_changesPriority" classname="com.demo.TaskServiceTest" time="0.002"/>
  <testcase name="getTasksByPriority_filtersCorrectly" classname="com.demo.TaskServiceTest" time="0.001"/>
  <testcase name="completeTask_fromInProgress" classname="com.demo.TaskServiceTest" time="0.004"/>
  <testcase name="getFilteredTasks_emptyFilterReturnsEmptyList" classname="com.demo.TaskServiceTest" time="0.001"/>
  <testcase name="getFilteredTasks_unrecognizedFilterReturnsEmptyList" classname="com.demo.TaskServiceTest" time="0.001"/>
  <testcase name="getFilteredTasks_overdueReturnsOnlyOverdueTasks" classname="com.demo.TaskServiceTest" time="0.002"/>
  <testcase name="getFilteredTasks_todoFilterWithNoTodoTasks" classname="com.demo.TaskServiceTest" time="0.004"/>
  <testcase name="getFilteredTasks_allReturnsSortedByPriorityDescending" classname="com.demo.TaskServiceTest" time="0.006"/>
  <testcase name="getFilteredTasks_overdueExcludesCompletedOverdueTasks" classname="com.demo.TaskServiceTest" time="0.001"/>
  <testcase name="assignTask_setsAssignee" classname="com.demo.TaskServiceTest" time="0.001"/>
  <testcase name="getFilteredTasks_cancelledReturnsOnlyCancelledTasks" classname="com.demo.TaskServiceTest" time="0.006"/>
  <testcase name="createTask_defaultsMediumPriority" classname="com.demo.TaskServiceTest" time="0.002"/>
  <testcase name="getTasksSortedByPriority_highestFirst" classname="com.demo.TaskServiceTest" time="0.008"/>
  <testcase name="getFilteredTasks_inProgressReturnsOnlyInProgressTasks" classname="com.demo.TaskServiceTest" time="0.001"/>
  <testcase name="createTask_withAllFields" classname="com.demo.TaskServiceTest" time="0.002"/>
  <testcase name="deleteTask_removesTask" classname="com.demo.TaskServiceTest" time="0.001"/>
  <testcase name="getSummary_countsCorrectly" classname="com.demo.TaskServiceTest" time="0.004"/>
  <testcase name="getOverdueTasks_returnsOnlyOverdue" classname="com.demo.TaskServiceTest" time="0.001"/>
  <testcase name="startTask_failsForMissingId" classname="com.demo.TaskServiceTest" time="0.001"/>
</testsuite>