<?xml version="1.0" encoding="UTF-8"?>
<testsuite xmlns:xsi="http://www.w3.org/2001/XMLSchema-instance" xsi:noNamespaceSchemaLocation="https://maven.apache.org/surefire/maven-surefire-plugin/xsd/surefire-test-report-3.0.xsd" version="3.0" name="com.demo.CliE2ETest" time="3.976" tests="28" errors="0" skipped="0" failures="3">
  <properties>
[...]
</properties>
  <testcase name="exit_printsGoodbye" classname="com.demo.CliE2ETest" time="0.232"/>
  <testcase name="startTask_invalidId" classname="com.demo.CliE2ETest" time="0.135"/>
  <testcase name="completeTask_success" classname="com.demo.CliE2ETest" time="0.167"/>
  <testcase name="listTasks_empty_showsNoTasks" classname="com.demo.CliE2ETest" time="0.11"/>
  <testcase name="addTask_withValidDueDate_createsTask" classname="com.demo.CliE2ETest" time="0.188"/>
  <testcase name="invalidOption_showsInvalidMessage" classname="com.demo.CliE2ETest" time="0.106"/>
  <testcase name="assignTask_notFound" classname="com.demo.CliE2ETest" time="0.105"/>
  <testcase name="cancelTask_success" classname="com.demo.CliE2ETest" time="0.16"/>
  <testcase name="listTasks_afterAdding_showsTask" classname="com.demo.CliE2ETest" time="0.168"/>
  <testcase name="showOverdue_noOverdueTasks" classname="com.demo.CliE2ETest" time="0.124"/>
  <testcase name="startTask_success" classname="com.demo.CliE2ETest" time="0.155"/>
  <testcase name="fullWorkflow_addStartCompleteListSummary" classname="com.demo.CliE2ETest" time="0.19">
    <failure message="Summary should show 1 done task ==&gt; expected: &lt;true&gt; but was: &lt;false&gt;" type="org.opentest4j.AssertionFailedError"><![CDATA[org.opentest4j.AssertionFailedError: Summary should show 1 done task ==> expected: <true> but was: <false>
	at org.junit.jupiter.api.AssertionFailureBuilder.build(AssertionFailureBuilder.java:151)
	at org.junit.jupiter.api.AssertionFailureBuilder.buildAndThrow(AssertionFailureBuilder.java:132)
	at org.junit.jupiter.api.AssertTrue.failNotTrue(AssertTrue.java:63)
	at org.junit.jupiter.api.AssertTrue.assertTrue(AssertTrue.java:36)
	at org.junit.jupiter.api.Assertions.assertTrue(Assertions.java:210)
	at com.demo.CliE2ETest.fullWorkflow_addStartCompleteListSummary(CliE2ETest.java:368)
	at java.base/java.lang.reflect.Method.invoke(Method.java:569)
	at java.base/java.util.ArrayList.forEach(ArrayList.java:1511)
	at java.base/java.util.ArrayList.forEach(ArrayList.java:1511)
]]></failure>
  </testcase>
  <testcase name="assignTask_success" classname="com.demo.CliE2ETest" time="0.164"/>
  <testcase name="showOverdue_withOverdueTask" classname="com.demo.CliE2ETest" time="0.165"/>
  <testcase name="showSummary_empty" classname="com.demo.CliE2ETest" time="0.104"/>
  <testcase name="cancelTask_notFound" classname="com.demo.CliE2ETest" time="0.107"/>
  <testcase name="addTask_emptyTitle_showsError" classname="com.demo.CliE2ETest" time="0.098"/>
  <testcase name="startTask_notFound" classname="com.demo.CliE2ETest" time="0.1"/>
  <testcase name="completeTask_notFound" classname="com.demo.CliE2ETest" time="0.1"/>
  <testcase name="addTask_invalidDate_skipsDate" classname="com.demo.CliE2ETest" time="0.152"/>
  <testcase name="removeTask_success" classname="com.demo.CliE2ETest" time="0.162"/>
  <testcase name="option11_isNowInvalid" classname="com.demo.CliE2ETest" time="0.102">
    <failure message="Option 11 (removed filter) should now show &apos;Invalid option.&apos; ==&gt; expected: &lt;true&gt; but was: &lt;false&gt;" type="org.opentest4j.AssertionFailedError"><![CDATA[org.opentest4j.AssertionFailedError: Option 11 (removed filter) should now show 'Invalid option.' ==> expected: <true> but was: <false>
	at org.junit.jupiter.api.AssertionFailureBuilder.build(AssertionFailureBuilder.java:151)
	at org.junit.jupiter.api.AssertionFailureBuilder.buildAndThrow(AssertionFailureBuilder.java:132)
	at org.junit.jupiter.api.AssertTrue.failNotTrue(AssertTrue.java:63)
	at org.junit.jupiter.api.AssertTrue.assertTrue(AssertTrue.java:36)
	at org.junit.jupiter.api.Assertions.assertTrue(Assertions.java:210)
	at com.demo.CliE2ETest.option11_isNowInvalid(CliE2ETest.java:379)
	at java.base/java.lang.reflect.Method.invoke(Method.java:569)
	at java.base/java.util.ArrayList.forEach(ArrayList.java:1511)
	at java.base/java.util.ArrayList.forEach(ArrayList.java:1511)
]]></failure>
  </testcase>
  <testcase name="removeTask_notFound" classname="com.demo.CliE2ETest" time="0.104"/>
  <testcase name="menu_showsAllTenOptions" classname="com.demo.CliE2ETest" time="0.098">
    <failure message="Menu should NOT have option 11 ==&gt; expected: &lt;false&gt; but was: &lt;true&gt;" type="org.opentest4j.AssertionFailedError"><![CDATA[org.opentest4j.AssertionFailedError: Menu should NOT have option 11 ==> expected: <false> but was: <true>
	at org.junit.jupiter.api.AssertionFailureBuilder.build(AssertionFailureBuilder.java:151)
	at org.junit.jupiter.api.AssertionFailureBuilder.buildAndThrow(AssertionFailureBuilder.java:132)
	at org.junit.jupiter.api.AssertFalse.failNotFalse(AssertFalse.java:63)
	at org.junit.jupiter.api.AssertFalse.assertFalse(AssertFalse.java:36)
	at org.junit.jupiter.api.Assertions.assertFalse(Assertions.java:235)
	at com.demo.CliE2ETest.menu_showsAllTenOptions(CliE2ETest.java:94)
	at java.base/java.lang.reflect.Method.invoke(Method.java:569)
	at java.base/java.util.ArrayList.forEach(ArrayList.java:1511)
	at java.base/java.util.ArrayList.forEach(ArrayList.java:1511)
]]></failure>
  </testcase>
  <testcase name="setPriority_notFound" classname="com.demo.CliE2ETest" time="0.108"/>
  <testcase name="setPriority_success" classname="com.demo.CliE2ETest" time="0.147"/>
  <testcase name="addTask_createsTaskAndShowsConfirmation" classname="com.demo.CliE2ETest" time="0.153"/>
  <testcase name="showSummary_afterAddingTasks" classname="com.demo.CliE2ETest" time="0.15"/>
</testsuite>