<?xml version="1.0" encoding="UTF-8"?>
<testsuite xmlns:xsi="http://www.w3.org/2001/XMLSchema-instance" xsi:noNamespaceSchemaLocation="https://maven.apache.org/surefire/maven-surefire-plugin/xsd/surefire-test-report-3.0.xsd" version="3.0" name="com.demo.CliE2ETest" time="4.08" tests="28" errors="0" skipped="0" failures="0">
  <properties>
[...]
</properties>
  <testcase name="exit_printsGoodbye" classname="com.demo.CliE2ETest" time="0.276"/>
  <testcase name="startTask_invalidId" classname="com.demo.CliE2ETest" time="0.191"/>
  <testcase name="completeTask_success" classname="com.demo.CliE2ETest" time="0.212"/>
  <testcase name="listTasks_empty_showsNoTasks" classname="com.demo.CliE2ETest" time="0.109"/>
  <testcase name="addTask_withValidDueDate_createsTask" classname="com.demo.CliE2ETest" time="0.172"/>
  <testcase name="invalidOption_showsInvalidMessage" classname="com.demo.CliE2ETest" time="0.101"/>
  <testcase name="assignTask_notFound" classname="com.demo.CliE2ETest" time="0.104"/>
  <testcase name="cancelTask_success" classname="com.demo.CliE2ETest" time="0.165"/>
  <testcase name="listTasks_afterAdding_showsTask" classname="com.demo.CliE2ETest" time="0.17"/>
  <testcase name="showOverdue_noOverdueTasks" classname="com.demo.CliE2ETest" time="0.109"/>
  <testcase name="startTask_success" classname="com.demo.CliE2ETest" time="0.166"/>
  <testcase name="fullWorkflow_addStartCompleteListSummary" classname="com.demo.CliE2ETest" time="0.167"/>
  <testcase name="assignTask_success" classname="com.demo.CliE2ETest" time="0.167"/>
  <testcase name="showOverdue_withOverdueTask" classname="com.demo.CliE2ETest" time="0.154"/>
  <testcase name="showSummary_empty" classname="com.demo.CliE2ETest" time="0.107"/>
  <testcase name="cancelTask_notFound" classname="com.demo.CliE2ETest" time="0.107"/>
  <testcase name="addTask_emptyTitle_showsError" classname="com.demo.CliE2ETest" time="0.1"/>
  <testcase name="startTask_notFound" classname="com.demo.CliE2ETest" time="0.1"/>
  <testcase name="completeTask_notFound" classname="com.demo.CliE2ETest" time="0.103"/>
  <testcase name="addTask_invalidDate_skipsDate" classname="com.demo.CliE2ETest" time="0.159"/>
  <testcase name="removeTask_success" classname="com.demo.CliE2ETest" time="0.167"/>
  <testcase name="option11_isNowInvalid" classname="com.demo.CliE2ETest" time="0.102"/>
  <testcase name="removeTask_notFound" classname="com.demo.CliE2ETest" time="0.115"/>
  <testcase name="menu_showsAllTenOptions" classname="com.demo.CliE2ETest" time="0.103"/>
  <testcase name="setPriority_notFound" classname="com.demo.CliE2ETest" time="0.109"/>
  <testcase name="setPriority_success" classname="com.demo.CliE2ETest" time="0.151"/>
  <testcase name="addTask_createsTaskAndShowsConfirmation" classname="com.demo.CliE2ETest" time="0.151"/>
  <testcase name="showSummary_afterAddingTasks" classname="com.demo.CliE2ETest" time="0.144"/>
</testsuite>